Command line invocation:
    /Applications/Xcode.app/Contents/Developer/usr/bin/xcodebuild -scheme NounsOnAPhone -destination "platform=iOS Simulator,name=iPhone 16 Pro,OS=18.5" clean build

ComputePackagePrebuildTargetDependencyGraph

CreateBuildRequest

SendProjectDescription

CreateBuildOperation

** CLEAN SUCCEEDED **

ComputePackagePrebuildTargetDependencyGraph

Prepare packages

CreateBuildRequest

SendProjectDescription

CreateBuildOperation

ComputeTargetDependencyGraph
note: Building targets in dependency order
note: Target dependency graph (1 target)
    Target 'NounsOnAPhone' in project 'Fishbowl' (no dependencies)

GatherProvisioningInputs

CreateBuildDescription

ExecuteExternalTool /Applications/Xcode.app/Contents/Developer/Toolchains/XcodeDefault.xctoolchain/usr/bin/clang -v -E -dM -isysroot /Applications/Xcode.app/Contents/Developer/Platforms/iPhoneSimulator.platform/Developer/SDKs/iPhoneSimulator18.5.sdk -x c -c /dev/null

ExecuteExternalTool /Applications/Xcode.app/Contents/Developer/usr/bin/actool --print-asset-tag-combinations --output-format xml1 /Users/blakepozolo/Cursor Demos/Fishbowl/NounsOnAPhone/Assets.xcassets

ExecuteExternalTool /Applications/Xcode.app/Contents/Developer/usr/bin/actool --version --output-format xml1

ExecuteExternalTool /Applications/Xcode.app/Contents/Developer/Toolchains/XcodeDefault.xctoolchain/usr/bin/swiftc --version

ExecuteExternalTool /Applications/Xcode.app/Contents/Developer/Toolchains/XcodeDefault.xctoolchain/usr/bin/ld -version_details

Build description signature: 1f20925c57d69e7cb3243f232e650a11
Build description path: /Users/blakepozolo/Library/Developer/Xcode/DerivedData/Fishbowl-drnckhnzlfkvqlcdskktjoxvdawp/Build/Intermediates.noindex/XCBuildData/1f20925c57d69e7cb3243f232e650a11.xcbuilddata
ClangStatCache /Applications/Xcode.app/Contents/Developer/Toolchains/XcodeDefault.xctoolchain/usr/bin/clang-stat-cache /Applications/Xcode.app/Contents/Developer/Platforms/iPhoneSimulator.platform/Developer/SDKs/iPhoneSimulator18.5.sdk /Users/blakepozolo/Library/Developer/Xcode/DerivedData/SDKStatCaches.noindex/iphonesimulator18.5-22F76-d5fc8ad4295d2ef488fb7d0f804ce0c4.sdkstatcache
    cd /Users/blakepozolo/Cursor\ Demos/Fishbowl/Fishbowl.xcodeproj
    /Applications/Xcode.app/Contents/Developer/Toolchains/XcodeDefault.xctoolchain/usr/bin/clang-stat-cache /Applications/Xcode.app/Contents/Developer/Platforms/iPhoneSimulator.platform/Developer/SDKs/iPhoneSimulator18.5.sdk -o /Users/blakepozolo/Library/Developer/Xcode/DerivedData/SDKStatCaches.noindex/iphonesimulator18.5-22F76-d5fc8ad4295d2ef488fb7d0f804ce0c4.sdkstatcache

CreateBuildDirectory /Users/blakepozolo/Library/Developer/Xcode/DerivedData/Fishbowl-drnckhnzlfkvqlcdskktjoxvdawp/Build/Products
    cd /Users/blakepozolo/Cursor\ Demos/Fishbowl/Fishbowl.xcodeproj
    builtin-create-build-directory /Users/blakepozolo/Library/Developer/Xcode/DerivedData/Fishbowl-drnckhnzlfkvqlcdskktjoxvdawp/Build/Products

CreateBuildDirectory /Users/blakepozolo/Library/Developer/Xcode/DerivedData/Fishbowl-drnckhnzlfkvqlcdskktjoxvdawp/Build/Intermediates.noindex
    cd /Users/blakepozolo/Cursor\ Demos/Fishbowl/Fishbowl.xcodeproj
    builtin-create-build-directory /Users/blakepozolo/Library/Developer/Xcode/DerivedData/Fishbowl-drnckhnzlfkvqlcdskktjoxvdawp/Build/Intermediates.noindex

CreateBuildDirectory /Users/blakepozolo/Library/Developer/Xcode/DerivedData/Fishbowl-drnckhnzlfkvqlcdskktjoxvdawp/Build/Products/Debug-iphonesimulator
    cd /Users/blakepozolo/Cursor\ Demos/Fishbowl/Fishbowl.xcodeproj
    builtin-create-build-directory /Users/blakepozolo/Library/Developer/Xcode/DerivedData/Fishbowl-drnckhnzlfkvqlcdskktjoxvdawp/Build/Products/Debug-iphonesimulator

WriteAuxiliaryFile /Users/blakepozolo/Library/Developer/Xcode/DerivedData/Fishbowl-drnckhnzlfkvqlcdskktjoxvdawp/Build/Intermediates.noindex/Fishbowl.build/Debug-iphonesimulator/Fishbowl-2dccc7238467a05a93e57639d2999c3d-VFS-iphonesimulator/all-product-headers.yaml
    cd /Users/blakepozolo/Cursor\ Demos/Fishbowl/Fishbowl.xcodeproj
    write-file /Users/blakepozolo/Library/Developer/Xcode/DerivedData/Fishbowl-drnckhnzlfkvqlcdskktjoxvdawp/Build/Intermediates.noindex/Fishbowl.build/Debug-iphonesimulator/Fishbowl-2dccc7238467a05a93e57639d2999c3d-VFS-iphonesimulator/all-product-headers.yaml

CreateBuildDirectory /Users/blakepozolo/Library/Developer/Xcode/DerivedData/Fishbowl-drnckhnzlfkvqlcdskktjoxvdawp/Build/Intermediates.noindex/EagerLinkingTBDs/Debug-iphonesimulator
    cd /Users/blakepozolo/Cursor\ Demos/Fishbowl/Fishbowl.xcodeproj
    builtin-create-build-directory /Users/blakepozolo/Library/Developer/Xcode/DerivedData/Fishbowl-drnckhnzlfkvqlcdskktjoxvdawp/Build/Intermediates.noindex/EagerLinkingTBDs/Debug-iphonesimulator

WriteAuxiliaryFile /Users/blakepozolo/Library/Developer/Xcode/DerivedData/Fishbowl-drnckhnzlfkvqlcdskktjoxvdawp/Build/Intermediates.noindex/Fishbowl.build/Debug-iphonesimulator/NounsOnAPhone.build/NounsOnAPhone-own-target-headers.hmap (in target 'NounsOnAPhone' from project 'Fishbowl')
    cd /Users/blakepozolo/Cursor\ Demos/Fishbowl
    write-file /Users/blakepozolo/Library/Developer/Xcode/DerivedData/Fishbowl-drnckhnzlfkvqlcdskktjoxvdawp/Build/Intermediates.noindex/Fishbowl.build/Debug-iphonesimulator/NounsOnAPhone.build/NounsOnAPhone-own-target-headers.hmap

WriteAuxiliaryFile /Users/blakepozolo/Library/Developer/Xcode/DerivedData/Fishbowl-drnckhnzlfkvqlcdskktjoxvdawp/Build/Intermediates.noindex/Fishbowl.build/Debug-iphonesimulator/NounsOnAPhone.build/NounsOnAPhone.hmap (in target 'NounsOnAPhone' from project 'Fishbowl')
    cd /Users/blakepozolo/Cursor\ Demos/Fishbowl
    write-file /Users/blakepozolo/Library/Developer/Xcode/DerivedData/Fishbowl-drnckhnzlfkvqlcdskktjoxvdawp/Build/Intermediates.noindex/Fishbowl.build/Debug-iphonesimulator/NounsOnAPhone.build/NounsOnAPhone.hmap

WriteAuxiliaryFile /Users/blakepozolo/Library/Developer/Xcode/DerivedData/Fishbowl-drnckhnzlfkvqlcdskktjoxvdawp/Build/Intermediates.noindex/Fishbowl.build/Debug-iphonesimulator/NounsOnAPhone.build/Objects-normal/arm64/NounsOnAPhone_const_extract_protocols.json (in target 'NounsOnAPhone' from project 'Fishbowl')
    cd /Users/blakepozolo/Cursor\ Demos/Fishbowl
    write-file /Users/blakepozolo/Library/Developer/Xcode/DerivedData/Fishbowl-drnckhnzlfkvqlcdskktjoxvdawp/Build/Intermediates.noindex/Fishbowl.build/Debug-iphonesimulator/NounsOnAPhone.build/Objects-normal/arm64/NounsOnAPhone_const_extract_protocols.json

WriteAuxiliaryFile /Users/blakepozolo/Library/Developer/Xcode/DerivedData/Fishbowl-drnckhnzlfkvqlcdskktjoxvdawp/Build/Intermediates.noindex/Fishbowl.build/Debug-iphonesimulator/NounsOnAPhone.build/Objects-normal/arm64/NounsOnAPhone-OutputFileMap.json (in target 'NounsOnAPhone' from project 'Fishbowl')
    cd /Users/blakepozolo/Cursor\ Demos/Fishbowl
    write-file /Users/blakepozolo/Library/Developer/Xcode/DerivedData/Fishbowl-drnckhnzlfkvqlcdskktjoxvdawp/Build/Intermediates.noindex/Fishbowl.build/Debug-iphonesimulator/NounsOnAPhone.build/Objects-normal/arm64/NounsOnAPhone-OutputFileMap.json

WriteAuxiliaryFile /Users/blakepozolo/Library/Developer/Xcode/DerivedData/Fishbowl-drnckhnzlfkvqlcdskktjoxvdawp/Build/Intermediates.noindex/Fishbowl.build/Debug-iphonesimulator/NounsOnAPhone.build/Objects-normal/arm64/NounsOnAPhone.SwiftFileList (in target 'NounsOnAPhone' from project 'Fishbowl')
    cd /Users/blakepozolo/Cursor\ Demos/Fishbowl
    write-file /Users/blakepozolo/Library/Developer/Xcode/DerivedData/Fishbowl-drnckhnzlfkvqlcdskktjoxvdawp/Build/Intermediates.noindex/Fishbowl.build/Debug-iphonesimulator/NounsOnAPhone.build/Objects-normal/arm64/NounsOnAPhone.SwiftFileList

WriteAuxiliaryFile /Users/blakepozolo/Library/Developer/Xcode/DerivedData/Fishbowl-drnckhnzlfkvqlcdskktjoxvdawp/Build/Intermediates.noindex/Fishbowl.build/Debug-iphonesimulator/NounsOnAPhone.build/NounsOnAPhone-project-headers.hmap (in target 'NounsOnAPhone' from project 'Fishbowl')
    cd /Users/blakepozolo/Cursor\ Demos/Fishbowl
    write-file /Users/blakepozolo/Library/Developer/Xcode/DerivedData/Fishbowl-drnckhnzlfkvqlcdskktjoxvdawp/Build/Intermediates.noindex/Fishbowl.build/Debug-iphonesimulator/NounsOnAPhone.build/NounsOnAPhone-project-headers.hmap

WriteAuxiliaryFile /Users/blakepozolo/Library/Developer/Xcode/DerivedData/Fishbowl-drnckhnzlfkvqlcdskktjoxvdawp/Build/Intermediates.noindex/Fishbowl.build/Debug-iphonesimulator/NounsOnAPhone.build/Objects-normal/arm64/NounsOnAPhone.SwiftConstValuesFileList (in target 'NounsOnAPhone' from project 'Fishbowl')
    cd /Users/blakepozolo/Cursor\ Demos/Fishbowl
    write-file /Users/blakepozolo/Library/Developer/Xcode/DerivedData/Fishbowl-drnckhnzlfkvqlcdskktjoxvdawp/Build/Intermediates.noindex/Fishbowl.build/Debug-iphonesimulator/NounsOnAPhone.build/Objects-normal/arm64/NounsOnAPhone.SwiftConstValuesFileList

WriteAuxiliaryFile /Users/blakepozolo/Library/Developer/Xcode/DerivedData/Fishbowl-drnckhnzlfkvqlcdskktjoxvdawp/Build/Intermediates.noindex/Fishbowl.build/Debug-iphonesimulator/NounsOnAPhone.build/Objects-normal/arm64/NounsOnAPhone.LinkFileList (in target 'NounsOnAPhone' from project 'Fishbowl')
    cd /Users/blakepozolo/Cursor\ Demos/Fishbowl
    write-file /Users/blakepozolo/Library/Developer/Xcode/DerivedData/Fishbowl-drnckhnzlfkvqlcdskktjoxvdawp/Build/Intermediates.noindex/Fishbowl.build/Debug-iphonesimulator/NounsOnAPhone.build/Objects-normal/arm64/NounsOnAPhone.LinkFileList

WriteAuxiliaryFile /Users/blakepozolo/Library/Developer/Xcode/DerivedData/Fishbowl-drnckhnzlfkvqlcdskktjoxvdawp/Build/Intermediates.noindex/Fishbowl.build/Debug-iphonesimulator/NounsOnAPhone.build/NounsOnAPhone.DependencyStaticMetadataFileList (in target 'NounsOnAPhone' from project 'Fishbowl')
    cd /Users/blakepozolo/Cursor\ Demos/Fishbowl
    write-file /Users/blakepozolo/Library/Developer/Xcode/DerivedData/Fishbowl-drnckhnzlfkvqlcdskktjoxvdawp/Build/Intermediates.noindex/Fishbowl.build/Debug-iphonesimulator/NounsOnAPhone.build/NounsOnAPhone.DependencyStaticMetadataFileList

WriteAuxiliaryFile /Users/blakepozolo/Library/Developer/Xcode/DerivedData/Fishbowl-drnckhnzlfkvqlcdskktjoxvdawp/Build/Intermediates.noindex/Fishbowl.build/Debug-iphonesimulator/NounsOnAPhone.build/NounsOnAPhone.DependencyMetadataFileList (in target 'NounsOnAPhone' from project 'Fishbowl')
    cd /Users/blakepozolo/Cursor\ Demos/Fishbowl
    write-file /Users/blakepozolo/Library/Developer/Xcode/DerivedData/Fishbowl-drnckhnzlfkvqlcdskktjoxvdawp/Build/Intermediates.noindex/Fishbowl.build/Debug-iphonesimulator/NounsOnAPhone.build/NounsOnAPhone.DependencyMetadataFileList

WriteAuxiliaryFile /Users/blakepozolo/Library/Developer/Xcode/DerivedData/Fishbowl-drnckhnzlfkvqlcdskktjoxvdawp/Build/Intermediates.noindex/Fishbowl.build/Debug-iphonesimulator/NounsOnAPhone.build/NounsOnAPhone-generated-files.hmap (in target 'NounsOnAPhone' from project 'Fishbowl')
    cd /Users/blakepozolo/Cursor\ Demos/Fishbowl
    write-file /Users/blakepozolo/Library/Developer/Xcode/DerivedData/Fishbowl-drnckhnzlfkvqlcdskktjoxvdawp/Build/Intermediates.noindex/Fishbowl.build/Debug-iphonesimulator/NounsOnAPhone.build/NounsOnAPhone-generated-files.hmap

WriteAuxiliaryFile /Users/blakepozolo/Library/Developer/Xcode/DerivedData/Fishbowl-drnckhnzlfkvqlcdskktjoxvdawp/Build/Intermediates.noindex/Fishbowl.build/Debug-iphonesimulator/NounsOnAPhone.build/NounsOnAPhone-all-target-headers.hmap (in target 'NounsOnAPhone' from project 'Fishbowl')
    cd /Users/blakepozolo/Cursor\ Demos/Fishbowl
    write-file /Users/blakepozolo/Library/Developer/Xcode/DerivedData/Fishbowl-drnckhnzlfkvqlcdskktjoxvdawp/Build/Intermediates.noindex/Fishbowl.build/Debug-iphonesimulator/NounsOnAPhone.build/NounsOnAPhone-all-target-headers.hmap

WriteAuxiliaryFile /Users/blakepozolo/Library/Developer/Xcode/DerivedData/Fishbowl-drnckhnzlfkvqlcdskktjoxvdawp/Build/Intermediates.noindex/Fishbowl.build/Debug-iphonesimulator/NounsOnAPhone.build/NounsOnAPhone-all-non-framework-target-headers.hmap (in target 'NounsOnAPhone' from project 'Fishbowl')
    cd /Users/blakepozolo/Cursor\ Demos/Fishbowl
    write-file /Users/blakepozolo/Library/Developer/Xcode/DerivedData/Fishbowl-drnckhnzlfkvqlcdskktjoxvdawp/Build/Intermediates.noindex/Fishbowl.build/Debug-iphonesimulator/NounsOnAPhone.build/NounsOnAPhone-all-non-framework-target-headers.hmap

WriteAuxiliaryFile /Users/blakepozolo/Library/Developer/Xcode/DerivedData/Fishbowl-drnckhnzlfkvqlcdskktjoxvdawp/Build/Intermediates.noindex/Fishbowl.build/Debug-iphonesimulator/NounsOnAPhone.build/NounsOnAPhone-DebugDylibPath-normal-arm64.txt (in target 'NounsOnAPhone' from project 'Fishbowl')
    cd /Users/blakepozolo/Cursor\ Demos/Fishbowl
    write-file /Users/blakepozolo/Library/Developer/Xcode/DerivedData/Fishbowl-drnckhnzlfkvqlcdskktjoxvdawp/Build/Intermediates.noindex/Fishbowl.build/Debug-iphonesimulator/NounsOnAPhone.build/NounsOnAPhone-DebugDylibPath-normal-arm64.txt

WriteAuxiliaryFile /Users/blakepozolo/Library/Developer/Xcode/DerivedData/Fishbowl-drnckhnzlfkvqlcdskktjoxvdawp/Build/Intermediates.noindex/Fishbowl.build/Debug-iphonesimulator/NounsOnAPhone.build/NounsOnAPhone-DebugDylibInstallName-normal-arm64.txt (in target 'NounsOnAPhone' from project 'Fishbowl')
    cd /Users/blakepozolo/Cursor\ Demos/Fishbowl
    write-file /Users/blakepozolo/Library/Developer/Xcode/DerivedData/Fishbowl-drnckhnzlfkvqlcdskktjoxvdawp/Build/Intermediates.noindex/Fishbowl.build/Debug-iphonesimulator/NounsOnAPhone.build/NounsOnAPhone-DebugDylibInstallName-normal-arm64.txt

WriteAuxiliaryFile /Users/blakepozolo/Library/Developer/Xcode/DerivedData/Fishbowl-drnckhnzlfkvqlcdskktjoxvdawp/Build/Intermediates.noindex/Fishbowl.build/Debug-iphonesimulator/NounsOnAPhone.build/DerivedSources/Entitlements-Simulated.plist (in target 'NounsOnAPhone' from project 'Fishbowl')
    cd /Users/blakepozolo/Cursor\ Demos/Fishbowl
    write-file /Users/blakepozolo/Library/Developer/Xcode/DerivedData/Fishbowl-drnckhnzlfkvqlcdskktjoxvdawp/Build/Intermediates.noindex/Fishbowl.build/Debug-iphonesimulator/NounsOnAPhone.build/DerivedSources/Entitlements-Simulated.plist

MkDir /Users/blakepozolo/Library/Developer/Xcode/DerivedData/Fishbowl-drnckhnzlfkvqlcdskktjoxvdawp/Build/Products/Debug-iphonesimulator/NounsOnAPhone.app (in target 'NounsOnAPhone' from project 'Fishbowl')
    cd /Users/blakepozolo/Cursor\ Demos/Fishbowl
    /bin/mkdir -p /Users/blakepozolo/Library/Developer/Xcode/DerivedData/Fishbowl-drnckhnzlfkvqlcdskktjoxvdawp/Build/Products/Debug-iphonesimulator/NounsOnAPhone.app

ProcessProductPackaging "" /Users/blakepozolo/Library/Developer/Xcode/DerivedData/Fishbowl-drnckhnzlfkvqlcdskktjoxvdawp/Build/Intermediates.noindex/Fishbowl.build/Debug-iphonesimulator/NounsOnAPhone.build/NounsOnAPhone.app-Simulated.xcent (in target 'NounsOnAPhone' from project 'Fishbowl')
    cd /Users/blakepozolo/Cursor\ Demos/Fishbowl
    
    Entitlements:
    
    {
    "application-identifier" = "5MMG8476ZY.com.example.Fishbowl-v2";
}
    
    builtin-productPackagingUtility -entitlements -format xml -o /Users/blakepozolo/Library/Developer/Xcode/DerivedData/Fishbowl-drnckhnzlfkvqlcdskktjoxvdawp/Build/Intermediates.noindex/Fishbowl.build/Debug-iphonesimulator/NounsOnAPhone.build/NounsOnAPhone.app-Simulated.xcent

ProcessProductPackagingDER /Users/blakepozolo/Library/Developer/Xcode/DerivedData/Fishbowl-drnckhnzlfkvqlcdskktjoxvdawp/Build/Intermediates.noindex/Fishbowl.build/Debug-iphonesimulator/NounsOnAPhone.build/NounsOnAPhone.app-Simulated.xcent /Users/blakepozolo/Library/Developer/Xcode/DerivedData/Fishbowl-drnckhnzlfkvqlcdskktjoxvdawp/Build/Intermediates.noindex/Fishbowl.build/Debug-iphonesimulator/NounsOnAPhone.build/NounsOnAPhone.app-Simulated.xcent.der (in target 'NounsOnAPhone' from project 'Fishbowl')
    cd /Users/blakepozolo/Cursor\ Demos/Fishbowl
    /usr/bin/derq query -f xml -i /Users/blakepozolo/Library/Developer/Xcode/DerivedData/Fishbowl-drnckhnzlfkvqlcdskktjoxvdawp/Build/Intermediates.noindex/Fishbowl.build/Debug-iphonesimulator/NounsOnAPhone.build/NounsOnAPhone.app-Simulated.xcent -o /Users/blakepozolo/Library/Developer/Xcode/DerivedData/Fishbowl-drnckhnzlfkvqlcdskktjoxvdawp/Build/Intermediates.noindex/Fishbowl.build/Debug-iphonesimulator/NounsOnAPhone.build/NounsOnAPhone.app-Simulated.xcent.der --raw

Ld /Users/blakepozolo/Library/Developer/Xcode/DerivedData/Fishbowl-drnckhnzlfkvqlcdskktjoxvdawp/Build/Products/Debug-iphonesimulator/NounsOnAPhone.app/__preview.dylib normal (in target 'NounsOnAPhone' from project 'Fishbowl')
    cd /Users/blakepozolo/Cursor\ Demos/Fishbowl
    /Applications/Xcode.app/Contents/Developer/Toolchains/XcodeDefault.xctoolchain/usr/bin/clang -Xlinker -reproducible -target arm64-apple-ios18.5-simulator -dynamiclib -isysroot /Applications/Xcode.app/Contents/Developer/Platforms/iPhoneSimulator.platform/Developer/SDKs/iPhoneSimulator18.5.sdk -O0 -L/Users/blakepozolo/Library/Developer/Xcode/DerivedData/Fishbowl-drnckhnzlfkvqlcdskktjoxvdawp/Build/Products/Debug-iphonesimulator -F/Users/blakepozolo/Library/Developer/Xcode/DerivedData/Fishbowl-drnckhnzlfkvqlcdskktjoxvdawp/Build/Products/Debug-iphonesimulator -install_name @rpath/NounsOnAPhone.debug.dylib -dead_strip -rdynamic -Xlinker -no_deduplicate -Xlinker -objc_abi_version -Xlinker 2 -Xlinker -debug_variant -Xlinker -dependency_info -Xlinker /Users/blakepozolo/Library/Developer/Xcode/DerivedData/Fishbowl-drnckhnzlfkvqlcdskktjoxvdawp/Build/Intermediates.noindex/Fishbowl.build/Debug-iphonesimulator/NounsOnAPhone.build/Objects-normal/arm64/NounsOnAPhone_dependency_info.dat -Xlinker -sectcreate -Xlinker __TEXT -Xlinker __entitlements -Xlinker /Users/blakepozolo/Library/Developer/Xcode/DerivedData/Fishbowl-drnckhnzlfkvqlcdskktjoxvdawp/Build/Intermediates.noindex/Fishbowl.build/Debug-iphonesimulator/NounsOnAPhone.build/NounsOnAPhone.app-Simulated.xcent -Xlinker -sectcreate -Xlinker __TEXT -Xlinker __ents_der -Xlinker /Users/blakepozolo/Library/Developer/Xcode/DerivedData/Fishbowl-drnckhnzlfkvqlcdskktjoxvdawp/Build/Intermediates.noindex/Fishbowl.build/Debug-iphonesimulator/NounsOnAPhone.build/NounsOnAPhone.app-Simulated.xcent.der -Xlinker -no_adhoc_codesign -o /Users/blakepozolo/Library/Developer/Xcode/DerivedData/Fishbowl-drnckhnzlfkvqlcdskktjoxvdawp/Build/Products/Debug-iphonesimulator/NounsOnAPhone.app/__preview.dylib

MkDir /Users/blakepozolo/Library/Developer/Xcode/DerivedData/Fishbowl-drnckhnzlfkvqlcdskktjoxvdawp/Build/Intermediates.noindex/Fishbowl.build/Debug-iphonesimulator/NounsOnAPhone.build/assetcatalog_output/unthinned (in target 'NounsOnAPhone' from project 'Fishbowl')
    cd /Users/blakepozolo/Cursor\ Demos/Fishbowl
    /bin/mkdir -p /Users/blakepozolo/Library/Developer/Xcode/DerivedData/Fishbowl-drnckhnzlfkvqlcdskktjoxvdawp/Build/Intermediates.noindex/Fishbowl.build/Debug-iphonesimulator/NounsOnAPhone.build/assetcatalog_output/unthinned

CpResource /Users/blakepozolo/Library/Developer/Xcode/DerivedData/Fishbowl-drnckhnzlfkvqlcdskktjoxvdawp/Build/Products/Debug-iphonesimulator/NounsOnAPhone.app/clock_tick_old.wav /Users/blakepozolo/Cursor\ Demos/Fishbowl/NounsOnAPhone/Sounds/clock_tick_old.wav (in target 'NounsOnAPhone' from project 'Fishbowl')
    cd /Users/blakepozolo/Cursor\ Demos/Fishbowl
    builtin-copy -exclude .DS_Store -exclude CVS -exclude .svn -exclude .git -exclude .hg -resolve-src-symlinks /Users/blakepozolo/Cursor\ Demos/Fishbowl/NounsOnAPhone/Sounds/clock_tick_old.wav /Users/blakepozolo/Library/Developer/Xcode/DerivedData/Fishbowl-drnckhnzlfkvqlcdskktjoxvdawp/Build/Products/Debug-iphonesimulator/NounsOnAPhone.app

MkDir /Users/blakepozolo/Library/Developer/Xcode/DerivedData/Fishbowl-drnckhnzlfkvqlcdskktjoxvdawp/Build/Intermediates.noindex/Fishbowl.build/Debug-iphonesimulator/NounsOnAPhone.build/assetcatalog_output/thinned (in target 'NounsOnAPhone' from project 'Fishbowl')
    cd /Users/blakepozolo/Cursor\ Demos/Fishbowl
    /bin/mkdir -p /Users/blakepozolo/Library/Developer/Xcode/DerivedData/Fishbowl-drnckhnzlfkvqlcdskktjoxvdawp/Build/Intermediates.noindex/Fishbowl.build/Debug-iphonesimulator/NounsOnAPhone.build/assetcatalog_output/thinned

CpResource /Users/blakepozolo/Library/Developer/Xcode/DerivedData/Fishbowl-drnckhnzlfkvqlcdskktjoxvdawp/Build/Products/Debug-iphonesimulator/NounsOnAPhone.app/AUDIO_SETUP.md /Users/blakepozolo/Cursor\ Demos/Fishbowl/NounsOnAPhone/AUDIO_SETUP.md (in target 'NounsOnAPhone' from project 'Fishbowl')
    cd /Users/blakepozolo/Cursor\ Demos/Fishbowl
    builtin-copy -exclude .DS_Store -exclude CVS -exclude .svn -exclude .git -exclude .hg -resolve-src-symlinks /Users/blakepozolo/Cursor\ Demos/Fishbowl/NounsOnAPhone/AUDIO_SETUP.md /Users/blakepozolo/Library/Developer/Xcode/DerivedData/Fishbowl-drnckhnzlfkvqlcdskktjoxvdawp/Build/Products/Debug-iphonesimulator/NounsOnAPhone.app

GenerateAssetSymbols /Users/blakepozolo/Cursor\ Demos/Fishbowl/NounsOnAPhone/Assets.xcassets (in target 'NounsOnAPhone' from project 'Fishbowl')
    cd /Users/blakepozolo/Cursor\ Demos/Fishbowl
    /Applications/Xcode.app/Contents/Developer/usr/bin/actool /Users/blakepozolo/Cursor\ Demos/Fishbowl/NounsOnAPhone/Assets.xcassets --compile /Users/blakepozolo/Library/Developer/Xcode/DerivedData/Fishbowl-drnckhnzlfkvqlcdskktjoxvdawp/Build/Products/Debug-iphonesimulator/NounsOnAPhone.app --output-format human-readable-text --notices --warnings --export-dependency-info /Users/blakepozolo/Library/Developer/Xcode/DerivedData/Fishbowl-drnckhnzlfkvqlcdskktjoxvdawp/Build/Intermediates.noindex/Fishbowl.build/Debug-iphonesimulator/NounsOnAPhone.build/assetcatalog_dependencies --output-partial-info-plist /Users/blakepozolo/Library/Developer/Xcode/DerivedData/Fishbowl-drnckhnzlfkvqlcdskktjoxvdawp/Build/Intermediates.noindex/Fishbowl.build/Debug-iphonesimulator/NounsOnAPhone.build/assetcatalog_generated_info.plist --app-icon AppIcon --accent-color AccentColor --compress-pngs --enable-on-demand-resources YES --development-region en --target-device iphone --target-device ipad --minimum-deployment-target 18.5 --platform iphonesimulator --bundle-identifier com.example.Fishbowl-v2 --generate-swift-asset-symbols /Users/blakepozolo/Library/Developer/Xcode/DerivedData/Fishbowl-drnckhnzlfkvqlcdskktjoxvdawp/Build/Intermediates.noindex/Fishbowl.build/Debug-iphonesimulator/NounsOnAPhone.build/DerivedSources/GeneratedAssetSymbols.swift --generate-objc-asset-symbols /Users/blakepozolo/Library/Developer/Xcode/DerivedData/Fishbowl-drnckhnzlfkvqlcdskktjoxvdawp/Build/Intermediates.noindex/Fishbowl.build/Debug-iphonesimulator/NounsOnAPhone.build/DerivedSources/GeneratedAssetSymbols.h --generate-asset-symbol-index /Users/blakepozolo/Library/Developer/Xcode/DerivedData/Fishbowl-drnckhnzlfkvqlcdskktjoxvdawp/Build/Intermediates.noindex/Fishbowl.build/Debug-iphonesimulator/NounsOnAPhone.build/DerivedSources/GeneratedAssetSymbols-Index.plist
/* com.apple.actool.compilation-results */
/Users/blakepozolo/Library/Developer/Xcode/DerivedData/Fishbowl-drnckhnzlfkvqlcdskktjoxvdawp/Build/Intermediates.noindex/Fishbowl.build/Debug-iphonesimulator/NounsOnAPhone.build/DerivedSources/GeneratedAssetSymbols-Index.plist
/Users/blakepozolo/Library/Developer/Xcode/DerivedData/Fishbowl-drnckhnzlfkvqlcdskktjoxvdawp/Build/Intermediates.noindex/Fishbowl.build/Debug-iphonesimulator/NounsOnAPhone.build/DerivedSources/GeneratedAssetSymbols.h
/Users/blakepozolo/Library/Developer/Xcode/DerivedData/Fishbowl-drnckhnzlfkvqlcdskktjoxvdawp/Build/Intermediates.noindex/Fishbowl.build/Debug-iphonesimulator/NounsOnAPhone.build/DerivedSources/GeneratedAssetSymbols.swift


CpResource /Users/blakepozolo/Library/Developer/Xcode/DerivedData/Fishbowl-drnckhnzlfkvqlcdskktjoxvdawp/Build/Products/Debug-iphonesimulator/NounsOnAPhone.app/2_gentle_pulse_high_pitch.wav /Users/blakepozolo/Cursor\ Demos/Fishbowl/NounsOnAPhone/Sounds/2_gentle_pulse_high_pitch.wav (in target 'NounsOnAPhone' from project 'Fishbowl')
    cd /Users/blakepozolo/Cursor\ Demos/Fishbowl
    builtin-copy -exclude .DS_Store -exclude CVS -exclude .svn -exclude .git -exclude .hg -resolve-src-symlinks /Users/blakepozolo/Cursor\ Demos/Fishbowl/NounsOnAPhone/Sounds/2_gentle_pulse_high_pitch.wav /Users/blakepozolo/Library/Developer/Xcode/DerivedData/Fishbowl-drnckhnzlfkvqlcdskktjoxvdawp/Build/Products/Debug-iphonesimulator/NounsOnAPhone.app

CompileAssetCatalogVariant thinned /Users/blakepozolo/Library/Developer/Xcode/DerivedData/Fishbowl-drnckhnzlfkvqlcdskktjoxvdawp/Build/Products/Debug-iphonesimulator/NounsOnAPhone.app /Users/blakepozolo/Cursor\ Demos/Fishbowl/NounsOnAPhone/Assets.xcassets (in target 'NounsOnAPhone' from project 'Fishbowl')
    cd /Users/blakepozolo/Cursor\ Demos/Fishbowl
    /Applications/Xcode.app/Contents/Developer/usr/bin/actool /Users/blakepozolo/Cursor\ Demos/Fishbowl/NounsOnAPhone/Assets.xcassets --compile /Users/blakepozolo/Library/Developer/Xcode/DerivedData/Fishbowl-drnckhnzlfkvqlcdskktjoxvdawp/Build/Intermediates.noindex/Fishbowl.build/Debug-iphonesimulator/NounsOnAPhone.build/assetcatalog_output/thinned --output-format human-readable-text --notices --warnings --export-dependency-info /Users/blakepozolo/Library/Developer/Xcode/DerivedData/Fishbowl-drnckhnzlfkvqlcdskktjoxvdawp/Build/Intermediates.noindex/Fishbowl.build/Debug-iphonesimulator/NounsOnAPhone.build/assetcatalog_dependencies_thinned --output-partial-info-plist /Users/blakepozolo/Library/Developer/Xcode/DerivedData/Fishbowl-drnckhnzlfkvqlcdskktjoxvdawp/Build/Intermediates.noindex/Fishbowl.build/Debug-iphonesimulator/NounsOnAPhone.build/assetcatalog_generated_info.plist_thinned --app-icon AppIcon --accent-color AccentColor --compress-pngs --enable-on-demand-resources YES --filter-for-thinning-device-configuration iPhone17,1 --filter-for-device-os-version 18.5 --development-region en --target-device iphone --target-device ipad --minimum-deployment-target 18.5 --platform iphonesimulator

SwiftDriver NounsOnAPhone normal arm64 com.apple.xcode.tools.swift.compiler (in target 'NounsOnAPhone' from project 'Fishbowl')
    cd /Users/blakepozolo/Cursor\ Demos/Fishbowl
    builtin-SwiftDriver -- /Applications/Xcode.app/Contents/Developer/Toolchains/XcodeDefault.xctoolchain/usr/bin/swiftc -module-name NounsOnAPhone -Onone -enforce-exclusivity\=checked @/Users/blakepozolo/Library/Developer/Xcode/DerivedData/Fishbowl-drnckhnzlfkvqlcdskktjoxvdawp/Build/Intermediates.noindex/Fishbowl.build/Debug-iphonesimulator/NounsOnAPhone.build/Objects-normal/arm64/NounsOnAPhone.SwiftFileList -DDEBUG -enable-bare-slash-regex -enable-experimental-feature DebugDescriptionMacro -sdk /Applications/Xcode.app/Contents/Developer/Platforms/iPhoneSimulator.platform/Developer/SDKs/iPhoneSimulator18.5.sdk -target arm64-apple-ios18.5-simulator -g -module-cache-path /Users/blakepozolo/Library/Developer/Xcode/DerivedData/ModuleCache.noindex -Xfrontend -serialize-debugging-options -profile-coverage-mapping -profile-generate -enable-testing -index-store-path /Users/blakepozolo/Library/Developer/Xcode/DerivedData/Fishbowl-drnckhnzlfkvqlcdskktjoxvdawp/Index.noindex/DataStore -swift-version 5 -I /Users/blakepozolo/Library/Developer/Xcode/DerivedData/Fishbowl-drnckhnzlfkvqlcdskktjoxvdawp/Build/Products/Debug-iphonesimulator -F /Users/blakepozolo/Library/Developer/Xcode/DerivedData/Fishbowl-drnckhnzlfkvqlcdskktjoxvdawp/Build/Products/Debug-iphonesimulator -emit-localized-strings -emit-localized-strings-path /Users/blakepozolo/Library/Developer/Xcode/DerivedData/Fishbowl-drnckhnzlfkvqlcdskktjoxvdawp/Build/Intermediates.noindex/Fishbowl.build/Debug-iphonesimulator/NounsOnAPhone.build/Objects-normal/arm64 -c -j8 -enable-batch-mode -incremental -Xcc -ivfsstatcache -Xcc /Users/blakepozolo/Library/Developer/Xcode/DerivedData/SDKStatCaches.noindex/iphonesimulator18.5-22F76-d5fc8ad4295d2ef488fb7d0f804ce0c4.sdkstatcache -output-file-map /Users/blakepozolo/Library/Developer/Xcode/DerivedData/Fishbowl-drnckhnzlfkvqlcdskktjoxvdawp/Build/Intermediates.noindex/Fishbowl.build/Debug-iphonesimulator/NounsOnAPhone.build/Objects-normal/arm64/NounsOnAPhone-OutputFileMap.json -use-frontend-parseable-output -save-temps -no-color-diagnostics -serialize-diagnostics -emit-dependencies -emit-module -emit-module-path /Users/blakepozolo/Library/Developer/Xcode/DerivedData/Fishbowl-drnckhnzlfkvqlcdskktjoxvdawp/Build/Intermediates.noindex/Fishbowl.build/Debug-iphonesimulator/NounsOnAPhone.build/Objects-normal/arm64/NounsOnAPhone.swiftmodule -validate-clang-modules-once -clang-build-session-file /Users/blakepozolo/Library/Developer/Xcode/DerivedData/ModuleCache.noindex/Session.modulevalidation -Xcc -I/Users/blakepozolo/Library/Developer/Xcode/DerivedData/Fishbowl-drnckhnzlfkvqlcdskktjoxvdawp/Build/Intermediates.noindex/Fishbowl.build/Debug-iphonesimulator/NounsOnAPhone.build/swift-overrides.hmap -emit-const-values -Xfrontend -const-gather-protocols-file -Xfrontend /Users/blakepozolo/Library/Developer/Xcode/DerivedData/Fishbowl-drnckhnzlfkvqlcdskktjoxvdawp/Build/Intermediates.noindex/Fishbowl.build/Debug-iphonesimulator/NounsOnAPhone.build/Objects-normal/arm64/NounsOnAPhone_const_extract_protocols.json -Xcc -iquote -Xcc /Users/blakepozolo/Library/Developer/Xcode/DerivedData/Fishbowl-drnckhnzlfkvqlcdskktjoxvdawp/Build/Intermediates.noindex/Fishbowl.build/Debug-iphonesimulator/NounsOnAPhone.build/NounsOnAPhone-generated-files.hmap -Xcc -I/Users/blakepozolo/Library/Developer/Xcode/DerivedData/Fishbowl-drnckhnzlfkvqlcdskktjoxvdawp/Build/Intermediates.noindex/Fishbowl.build/Debug-iphonesimulator/NounsOnAPhone.build/NounsOnAPhone-own-target-headers.hmap -Xcc -I/Users/blakepozolo/Library/Developer/Xcode/DerivedData/Fishbowl-drnckhnzlfkvqlcdskktjoxvdawp/Build/Intermediates.noindex/Fishbowl.build/Debug-iphonesimulator/NounsOnAPhone.build/NounsOnAPhone-all-target-headers.hmap -Xcc -iquote -Xcc /Users/blakepozolo/Library/Developer/Xcode/DerivedData/Fishbowl-drnckhnzlfkvqlcdskktjoxvdawp/Build/Intermediates.noindex/Fishbowl.build/Debug-iphonesimulator/NounsOnAPhone.build/NounsOnAPhone-project-headers.hmap -Xcc -I/Users/blakepozolo/Library/Developer/Xcode/DerivedData/Fishbowl-drnckhnzlfkvqlcdskktjoxvdawp/Build/Products/Debug-iphonesimulator/include -Xcc -I/Users/blakepozolo/Library/Developer/Xcode/DerivedData/Fishbowl-drnckhnzlfkvqlcdskktjoxvdawp/Build/Intermediates.noindex/Fishbowl.build/Debug-iphonesimulator/NounsOnAPhone.build/DerivedSources-normal/arm64 -Xcc -I/Users/blakepozolo/Library/Developer/Xcode/DerivedData/Fishbowl-drnckhnzlfkvqlcdskktjoxvdawp/Build/Intermediates.noindex/Fishbowl.build/Debug-iphonesimulator/NounsOnAPhone.build/DerivedSources/arm64 -Xcc -I/Users/blakepozolo/Library/Developer/Xcode/DerivedData/Fishbowl-drnckhnzlfkvqlcdskktjoxvdawp/Build/Intermediates.noindex/Fishbowl.build/Debug-iphonesimulator/NounsOnAPhone.build/DerivedSources -Xcc -DDEBUG\=1 -emit-objc-header -emit-objc-header-path /Users/blakepozolo/Library/Developer/Xcode/DerivedData/Fishbowl-drnckhnzlfkvqlcdskktjoxvdawp/Build/Intermediates.noindex/Fishbowl.build/Debug-iphonesimulator/NounsOnAPhone.build/Objects-normal/arm64/NounsOnAPhone-Swift.h -working-directory /Users/blakepozolo/Cursor\ Demos/Fishbowl -experimental-emit-module-separately -disable-cmo

SwiftCompile normal arm64 Compiling\ GameOverView.swift,\ SoundSettingsView.swift /Users/blakepozolo/Cursor\ Demos/Fishbowl/NounsOnAPhone/GameOverView.swift /Users/blakepozolo/Cursor\ Demos/Fishbowl/NounsOnAPhone/SoundSettingsView.swift (in target 'NounsOnAPhone' from project 'Fishbowl')
SwiftCompile normal arm64 /Users/blakepozolo/Cursor\ Demos/Fishbowl/NounsOnAPhone/GameOverView.swift (in target 'NounsOnAPhone' from project 'Fishbowl')
    cd /Users/blakepozolo/Cursor\ Demos/Fishbowl
    

SwiftCompile normal arm64 /Users/blakepozolo/Cursor\ Demos/Fishbowl/NounsOnAPhone/SoundSettingsView.swift (in target 'NounsOnAPhone' from project 'Fishbowl')
    cd /Users/blakepozolo/Cursor\ Demos/Fishbowl
    

SwiftCompile normal arm64 Compiling\ WordStatisticsView.swift,\ OrientationManager.swift /Users/blakepozolo/Cursor\ Demos/Fishbowl/NounsOnAPhone/WordStatisticsView.swift /Users/blakepozolo/Cursor\ Demos/Fishbowl/NounsOnAPhone/OrientationManager.swift (in target 'NounsOnAPhone' from project 'Fishbowl')

SwiftCompile normal arm64 /Users/blakepozolo/Cursor\ Demos/Fishbowl/NounsOnAPhone/WordStatisticsView.swift (in target 'NounsOnAPhone' from project 'Fishbowl')
    cd /Users/blakepozolo/Cursor\ Demos/Fishbowl
    

SwiftCompile normal arm64 /Users/blakepozolo/Cursor\ Demos/Fishbowl/NounsOnAPhone/OrientationManager.swift (in target 'NounsOnAPhone' from project 'Fishbowl')
    cd /Users/blakepozolo/Cursor\ Demos/Fishbowl
    

SwiftCompile normal arm64 Compiling\ RoundTransitionView.swift,\ GameModels.swift /Users/blakepozolo/Cursor\ Demos/Fishbowl/NounsOnAPhone/RoundTransitionView.swift /Users/blakepozolo/Cursor\ Demos/Fishbowl/NounsOnAPhone/GameModels.swift (in target 'NounsOnAPhone' from project 'Fishbowl')
SwiftCompile normal arm64 /Users/blakepozolo/Cursor\ Demos/Fishbowl/NounsOnAPhone/RoundTransitionView.swift (in target 'NounsOnAPhone' from project 'Fishbowl')
    cd /Users/blakepozolo/Cursor\ Demos/Fishbowl
    

SwiftCompile normal arm64 /Users/blakepozolo/Cursor\ Demos/Fishbowl/NounsOnAPhone/GameModels.swift (in target 'NounsOnAPhone' from project 'Fishbowl')
    cd /Users/blakepozolo/Cursor\ Demos/Fishbowl
    

SwiftCompile normal arm64 Compiling\ SampleWords.swift,\ ContentView.swift /Users/blakepozolo/Cursor\ Demos/Fishbowl/NounsOnAPhone/SampleWords.swift /Users/blakepozolo/Cursor\ Demos/Fishbowl/NounsOnAPhone/ContentView.swift (in target 'NounsOnAPhone' from project 'Fishbowl')

SwiftCompile normal arm64 /Users/blakepozolo/Cursor\ Demos/Fishbowl/NounsOnAPhone/SampleWords.swift (in target 'NounsOnAPhone' from project 'Fishbowl')
    cd /Users/blakepozolo/Cursor\ Demos/Fishbowl
    

SwiftCompile normal arm64 /Users/blakepozolo/Cursor\ Demos/Fishbowl/NounsOnAPhone/ContentView.swift (in target 'NounsOnAPhone' from project 'Fishbowl')
    cd /Users/blakepozolo/Cursor\ Demos/Fishbowl
    

SwiftEmitModule normal arm64 Emitting\ module\ for\ NounsOnAPhone (in target 'NounsOnAPhone' from project 'Fishbowl')
Failed frontend command:
/Applications/Xcode.app/Contents/Developer/Toolchains/XcodeDefault.xctoolchain/usr/bin/swift-frontend -frontend -emit-module -experimental-skip-non-inlinable-function-bodies-without-types /Users/blakepozolo/Cursor\ Demos/Fishbowl/NounsOnAPhone/SetupView.swift /Users/blakepozolo/Cursor\ Demos/Fishbowl/NounsOnAPhone/NounsOnAPhoneApp.swift /Users/blakepozolo/Cursor\ Demos/Fishbowl/NounsOnAPhone/CustomHostingController.swift /Users/blakepozolo/Cursor\ Demos/Fishbowl/NounsOnAPhone/GameOverView.swift /Users/blakepozolo/Cursor\ Demos/Fishbowl/NounsOnAPhone/SoundSettingsView.swift /Users/blakepozolo/Cursor\ Demos/Fishbowl/NounsOnAPhone/SampleWords.swift /Users/blakepozolo/Cursor\ Demos/Fishbowl/NounsOnAPhone/ContentView.swift /Users/blakepozolo/Cursor\ Demos/Fishbowl/NounsOnAPhone/RoundTransitionView.swift /Users/blakepozolo/Cursor\ Demos/Fishbowl/NounsOnAPhone/GameModels.swift /Users/blakepozolo/Cursor\ Demos/Fishbowl/NounsOnAPhone/GamePlayView.swift /Users/blakepozolo/Cursor\ Demos/Fishbowl/NounsOnAPhone/SoundManager.swift /Users/blakepozolo/Cursor\ Demos/Fishbowl/NounsOnAPhone/WordStatisticsView.swift /Users/blakepozolo/Cursor\ Demos/Fishbowl/NounsOnAPhone/OrientationManager.swift /Users/blakepozolo/Cursor\ Demos/Fishbowl/NounsOnAPhone/GameDesignSystem.swift /Users/blakepozolo/Cursor\ Demos/Fishbowl/NounsOnAPhone/WordInputView.swift /Users/blakepozolo/Cursor\ Demos/Fishbowl/NounsOnAPhone/GameOverviewView.swift /Users/blakepozolo/Library/Developer/Xcode/DerivedData/Fishbowl-drnckhnzlfkvqlcdskktjoxvdawp/Build/Intermediates.noindex/Fishbowl.build/Debug-iphonesimulator/NounsOnAPhone.build/DerivedSources/GeneratedAssetSymbols.swift -target arm64-apple-ios18.5-simulator -Xllvm -aarch64-use-tbi -enable-objc-interop -sdk /Applications/Xcode.app/Contents/Developer/Platforms/iPhoneSimulator.platform/Developer/SDKs/iPhoneSimulator18.5.sdk -I /Users/blakepozolo/Library/Developer/Xcode/DerivedData/Fishbowl-drnckhnzlfkvqlcdskktjoxvdawp/Build/Products/Debug-iphonesimulator -F /Users/blakepozolo/Library/Developer/Xcode/DerivedData/Fishbowl-drnckhnzlfkvqlcdskktjoxvdawp/Build/Products/Debug-iphonesimulator -no-color-diagnostics -enable-testing -g -debug-info-format\=dwarf -dwarf-version\=5 -module-cache-path /Users/blakepozolo/Library/Developer/Xcode/DerivedData/ModuleCache.noindex -profile-generate -profile-coverage-mapping -swift-version 5 -enforce-exclusivity\=checked -Onone -D DEBUG -serialize-debugging-options -const-gather-protocols-file /Users/blakepozolo/Library/Developer/Xcode/DerivedData/Fishbowl-drnckhnzlfkvqlcdskktjoxvdawp/Build/Intermediates.noindex/Fishbowl.build/Debug-iphonesimulator/NounsOnAPhone.build/Objects-normal/arm64/NounsOnAPhone_const_extract_protocols.json -enable-experimental-feature DebugDescriptionMacro -enable-bare-slash-regex -empty-abi-descriptor -validate-clang-modules-once -clang-build-session-file /Users/blakepozolo/Library/Developer/Xcode/DerivedData/ModuleCache.noindex/Session.modulevalidation -Xcc -working-directory -Xcc /Users/blakepozolo/Cursor\ Demos/Fishbowl -resource-dir /Applications/Xcode.app/Contents/Developer/Toolchains/XcodeDefault.xctoolchain/usr/lib/swift -enable-anonymous-context-mangled-names -file-compilation-dir /Users/blakepozolo/Cursor\ Demos/Fishbowl -Xcc -ivfsstatcache -Xcc /Users/blakepozolo/Library/Developer/Xcode/DerivedData/SDKStatCaches.noindex/iphonesimulator18.5-22F76-d5fc8ad4295d2ef488fb7d0f804ce0c4.sdkstatcache -Xcc -I/Users/blakepozolo/Library/Developer/Xcode/DerivedData/Fishbowl-drnckhnzlfkvqlcdskktjoxvdawp/Build/Intermediates.noindex/Fishbowl.build/Debug-iphonesimulator/NounsOnAPhone.build/swift-overrides.hmap -Xcc -iquote -Xcc /Users/blakepozolo/Library/Developer/Xcode/DerivedData/Fishbowl-drnckhnzlfkvqlcdskktjoxvdawp/Build/Intermediates.noindex/Fishbowl.build/Debug-iphonesimulator/NounsOnAPhone.build/NounsOnAPhone-generated-files.hmap -Xcc -I/Users/blakepozolo/Library/Developer/Xcode/DerivedData/Fishbowl-drnckhnzlfkvqlcdskktjoxvdawp/Build/Intermediates.noindex/Fishbowl.build/Debug-iphonesimulator/NounsOnAPhone.build/NounsOnAPhone-own-target-headers.hmap -Xcc -I/Users/blakepozolo/Library/Developer/Xcode/DerivedData/Fishbowl-drnckhnzlfkvqlcdskktjoxvdawp/Build/Intermediates.noindex/Fishbowl.build/Debug-iphonesimulator/NounsOnAPhone.build/NounsOnAPhone-all-target-headers.hmap -Xcc -iquote -Xcc /Users/blakepozolo/Library/Developer/Xcode/DerivedData/Fishbowl-drnckhnzlfkvqlcdskktjoxvdawp/Build/Intermediates.noindex/Fishbowl.build/Debug-iphonesimulator/NounsOnAPhone.build/NounsOnAPhone-project-headers.hmap -Xcc -I/Users/blakepozolo/Library/Developer/Xcode/DerivedData/Fishbowl-drnckhnzlfkvqlcdskktjoxvdawp/Build/Products/Debug-iphonesimulator/include -Xcc -I/Users/blakepozolo/Library/Developer/Xcode/DerivedData/Fishbowl-drnckhnzlfkvqlcdskktjoxvdawp/Build/Intermediates.noindex/Fishbowl.build/Debug-iphonesimulator/NounsOnAPhone.build/DerivedSources-normal/arm64 -Xcc -I/Users/blakepozolo/Library/Developer/Xcode/DerivedData/Fishbowl-drnckhnzlfkvqlcdskktjoxvdawp/Build/Intermediates.noindex/Fishbowl.build/Debug-iphonesimulator/NounsOnAPhone.build/DerivedSources/arm64 -Xcc -I/Users/blakepozolo/Library/Developer/Xcode/DerivedData/Fishbowl-drnckhnzlfkvqlcdskktjoxvdawp/Build/Intermediates.noindex/Fishbowl.build/Debug-iphonesimulator/NounsOnAPhone.build/DerivedSources -Xcc -DDEBUG\=1 -module-name NounsOnAPhone -frontend-parseable-output -disable-clang-spi -target-sdk-version 18.5 -target-sdk-name iphonesimulator18.5 -external-plugin-path /Applications/Xcode.app/Contents/Developer/Platforms/iPhoneOS.platform/Developer/usr/lib/swift/host/plugins\#/Applications/Xcode.app/Contents/Developer/Platforms/iPhoneOS.platform/Developer/usr/bin/swift-plugin-server -external-plugin-path /Applications/Xcode.app/Contents/Developer/Platforms/iPhoneOS.platform/Developer/usr/local/lib/swift/host/plugins\#/Applications/Xcode.app/Contents/Developer/Platforms/iPhoneOS.platform/Developer/usr/bin/swift-plugin-server -in-process-plugin-server-path /Applications/Xcode.app/Contents/Developer/Toolchains/XcodeDefault.xctoolchain/usr/lib/swift/host/libSwiftInProcPluginServer.dylib -plugin-path /Applications/Xcode.app/Contents/Developer/Toolchains/XcodeDefault.xctoolchain/usr/lib/swift/host/plugins -plugin-path /Applications/Xcode.app/Contents/Developer/Toolchains/XcodeDefault.xctoolchain/usr/local/lib/swift/host/plugins -emit-module-doc-path /Users/blakepozolo/Library/Developer/Xcode/DerivedData/Fishbowl-drnckhnzlfkvqlcdskktjoxvdawp/Build/Intermediates.noindex/Fishbowl.build/Debug-iphonesimulator/NounsOnAPhone.build/Objects-normal/arm64/NounsOnAPhone.swiftdoc -emit-module-source-info-path /Users/blakepozolo/Library/Developer/Xcode/DerivedData/Fishbowl-drnckhnzlfkvqlcdskktjoxvdawp/Build/Intermediates.noindex/Fishbowl.build/Debug-iphonesimulator/NounsOnAPhone.build/Objects-normal/arm64/NounsOnAPhone.swiftsourceinfo -emit-objc-header-path /Users/blakepozolo/Library/Developer/Xcode/DerivedData/Fishbowl-drnckhnzlfkvqlcdskktjoxvdawp/Build/Intermediates.noindex/Fishbowl.build/Debug-iphonesimulator/NounsOnAPhone.build/Objects-normal/arm64/NounsOnAPhone-Swift.h -serialize-diagnostics-path /Users/blakepozolo/Library/Developer/Xcode/DerivedData/Fishbowl-drnckhnzlfkvqlcdskktjoxvdawp/Build/Intermediates.noindex/Fishbowl.build/Debug-iphonesimulator/NounsOnAPhone.build/Objects-normal/arm64/NounsOnAPhone-master-emit-module.dia -emit-dependencies-path /Users/blakepozolo/Library/Developer/Xcode/DerivedData/Fishbowl-drnckhnzlfkvqlcdskktjoxvdawp/Build/Intermediates.noindex/Fishbowl.build/Debug-iphonesimulator/NounsOnAPhone.build/Objects-normal/arm64/NounsOnAPhone-master-emit-module.d -o /Users/blakepozolo/Library/Developer/Xcode/DerivedData/Fishbowl-drnckhnzlfkvqlcdskktjoxvdawp/Build/Intermediates.noindex/Fishbowl.build/Debug-iphonesimulator/NounsOnAPhone.build/Objects-normal/arm64/NounsOnAPhone.swiftmodule -emit-abi-descriptor-path /Users/blakepozolo/Library/Developer/Xcode/DerivedData/Fishbowl-drnckhnzlfkvqlcdskktjoxvdawp/Build/Intermediates.noindex/Fishbowl.build/Debug-iphonesimulator/NounsOnAPhone.build/Objects-normal/arm64/NounsOnAPhone.abi.json

EmitSwiftModule normal arm64 (in target 'NounsOnAPhone' from project 'Fishbowl')
    cd /Users/blakepozolo/Cursor\ Demos/Fishbowl
    
/Users/blakepozolo/Cursor Demos/Fishbowl/NounsOnAPhone/NounsOnAPhoneApp.swift:13:35: error: cannot find 'AppDelegate' in scope
    @UIApplicationDelegateAdaptor(AppDelegate.self) var appDelegate
                                  ^~~~~~~~~~~
/Users/blakepozolo/Cursor Demos/Fishbowl/NounsOnAPhone/NounsOnAPhoneApp.swift:13:6: error: generic struct 'UIApplicationDelegateAdaptor' requires that 'NSObject' conform to 'UIApplicationDelegate'
    @UIApplicationDelegateAdaptor(AppDelegate.self) var appDelegate
     ^
SwiftUI.UIApplicationDelegateAdaptor:4:59: note: where 'DelegateType' = 'NSObject'
@MainActor @preconcurrency @propertyWrapper public struct UIApplicationDelegateAdaptor<DelegateType> : DynamicProperty where DelegateType : NSObject, DelegateType : UIApplicationDelegate {
                                                          ^

SwiftCompile normal arm64 Compiling\ GameOverviewView.swift,\ GeneratedAssetSymbols.swift /Users/blakepozolo/Cursor\ Demos/Fishbowl/NounsOnAPhone/GameOverviewView.swift /Users/blakepozolo/Library/Developer/Xcode/DerivedData/Fishbowl-drnckhnzlfkvqlcdskktjoxvdawp/Build/Intermediates.noindex/Fishbowl.build/Debug-iphonesimulator/NounsOnAPhone.build/DerivedSources/GeneratedAssetSymbols.swift (in target 'NounsOnAPhone' from project 'Fishbowl')

SwiftCompile normal arm64 /Users/blakepozolo/Cursor\ Demos/Fishbowl/NounsOnAPhone/GameOverviewView.swift (in target 'NounsOnAPhone' from project 'Fishbowl')
    cd /Users/blakepozolo/Cursor\ Demos/Fishbowl
    

SwiftCompile normal arm64 /Users/blakepozolo/Library/Developer/Xcode/DerivedData/Fishbowl-drnckhnzlfkvqlcdskktjoxvdawp/Build/Intermediates.noindex/Fishbowl.build/Debug-iphonesimulator/NounsOnAPhone.build/DerivedSources/GeneratedAssetSymbols.swift (in target 'NounsOnAPhone' from project 'Fishbowl')
    cd /Users/blakepozolo/Cursor\ Demos/Fishbowl
    

SwiftCompile normal arm64 Compiling\ SetupView.swift,\ NounsOnAPhoneApp.swift,\ CustomHostingController.swift /Users/blakepozolo/Cursor\ Demos/Fishbowl/NounsOnAPhone/SetupView.swift /Users/blakepozolo/Cursor\ Demos/Fishbowl/NounsOnAPhone/NounsOnAPhoneApp.swift /Users/blakepozolo/Cursor\ Demos/Fishbowl/NounsOnAPhone/CustomHostingController.swift (in target 'NounsOnAPhone' from project 'Fishbowl')

SwiftCompile normal arm64 /Users/blakepozolo/Cursor\ Demos/Fishbowl/NounsOnAPhone/SetupView.swift (in target 'NounsOnAPhone' from project 'Fishbowl')
    cd /Users/blakepozolo/Cursor\ Demos/Fishbowl
    

SwiftCompile normal arm64 /Users/blakepozolo/Cursor\ Demos/Fishbowl/NounsOnAPhone/NounsOnAPhoneApp.swift (in target 'NounsOnAPhone' from project 'Fishbowl')
    cd /Users/blakepozolo/Cursor\ Demos/Fishbowl
    

SwiftCompile normal arm64 /Users/blakepozolo/Cursor\ Demos/Fishbowl/NounsOnAPhone/CustomHostingController.swift (in target 'NounsOnAPhone' from project 'Fishbowl')
    cd /Users/blakepozolo/Cursor\ Demos/Fishbowl
    

